<?xml version="1.0" encoding="UTF-8" ?>
<testsuite failures="0" time="0.008" errors="0" skipped="0" tests="1" name="hello.AppTest">
  <properties>
    <property name="java.runtime.name" value="Java(TM) SE Runtime Environment"/>
    <property name="sun.boot.library.path" value="D:\MyEclipse\Common\binary\com.sun.java.jdk.win32.x86_1.6.0.013\jre\bin"/>
    <property name="java.vm.version" value="11.3-b02"/>
    <property name="java.vm.vendor" value="Sun Microsystems Inc."/>
    <property name="java.vendor.url" value="http://java.sun.com/"/>
    <property name="path.separator" value=";"/>
    <property name="java.vm.name" value="Java HotSpot(TM) Client VM"/>
    <property name="file.encoding.pkg" value="sun.io"/>
    <property name="user.country" value="CN"/>
    <property name="sun.java.launcher" value="SUN_STANDARD"/>
    <property name="sun.os.patch.level" value="Service Pack 1"/>
    <property name="java.vm.specification.name" value="Java Virtual Machine Specification"/>
    <property name="user.dir" value="D:\Workspaces\wk1\hello"/>
    <property name="java.runtime.version" value="1.6.0_13-b03"/>
    <property name="java.awt.graphicsenv" value="sun.awt.Win32GraphicsEnvironment"/>
    <property name="basedir" value="D:\Workspaces\wk1\hello"/>
    <property name="java.endorsed.dirs" value="D:\MyEclipse\Common\binary\com.sun.java.jdk.win32.x86_1.6.0.013\jre\lib\endorsed"/>
    <property name="os.arch" value="x86"/>
    <property name="surefire.real.class.path" value="C:\Users\ADMINI~1\AppData\Local\Temp\surefirebooter5094324174767687866.jar"/>
    <property name="java.io.tmpdir" value="C:\Users\ADMINI~1\AppData\Local\Temp\"/>
    <property name="line.separator" value="
"/>
    <property name="java.vm.specification.vendor" value="Sun Microsystems Inc."/>
    <property name="user.variant" value=""/>
    <property name="os.name" value="Windows Vista"/>
    <property name="sun.jnu.encoding" value="GBK"/>
    <property name="java.library.path" value="D:\MyEclipse\Common\binary\com.sun.java.jdk.win32.x86_1.6.0.013\jre\bin;.;C:\Windows\Sun\Java\bin;C:\Windows\system32;C:\Windows;D:/MyEclipse/Common/binary/com.sun.java.jdk.win32.x86_1.6.0.013/jre/bin/client;D:/MyEclipse/Common/binary/com.sun.java.jdk.win32.x86_1.6.0.013/jre/bin;C:\Windows\system32;C:\Windows;C:\Windows\System32\Wbem;C:\Windows\System32\WindowsPowerShell\v1.0\;D:\java\jdk\jdk1.7.0_17\bin;D:\java\jdk\jdk1.7.0_17\jre\bin;D:\java\mysql\mysql-5.6.10-winx64\bin"/>
    <property name="surefire.test.class.path" value="D:\Workspaces\wk1\hello\target\test-classes;D:\Workspaces\wk1\hello\target\classes;D:\java\maven\repo\junit\junit\3.8.1\junit-3.8.1.jar;D:\java\maven\repo\org\apache\struts\struts2-core\2.0.11\struts2-core-2.0.11.jar;D:\java\maven\repo\com\opensymphony\xwork\2.0.4\xwork-2.0.4.jar;D:\java\maven\repo\commons-logging\commons-logging\1.0.4\commons-logging-1.0.4.jar;D:\java\maven\repo\opensymphony\ognl\2.6.11\ognl-2.6.11.jar;D:\java\maven\repo\freemarker\freemarker\2.3.8\freemarker-2.3.8.jar;D:\MyEclipse\Common\binary\com.sun.java.jdk.win32.x86_1.6.0.013\jre\..\lib\tools.jar;"/>
    <property name="java.specification.name" value="Java Platform API Specification"/>
    <property name="java.class.version" value="50.0"/>
    <property name="sun.management.compiler" value="HotSpot Client Compiler"/>
    <property name="os.version" value="6.1"/>
    <property name="user.home" value="C:\Users\Administrator"/>
    <property name="user.timezone" value=""/>
    <property name="java.awt.printerjob" value="sun.awt.windows.WPrinterJob"/>
    <property name="java.specification.version" value="1.6"/>
    <property name="file.encoding" value="GBK"/>
    <property name="user.name" value="Administrator"/>
    <property name="java.class.path" value="D:\Workspaces\wk1\hello\target\test-classes;D:\Workspaces\wk1\hello\target\classes;D:\java\maven\repo\junit\junit\3.8.1\junit-3.8.1.jar;D:\java\maven\repo\org\apache\struts\struts2-core\2.0.11\struts2-core-2.0.11.jar;D:\java\maven\repo\com\opensymphony\xwork\2.0.4\xwork-2.0.4.jar;D:\java\maven\repo\commons-logging\commons-logging\1.0.4\commons-logging-1.0.4.jar;D:\java\maven\repo\opensymphony\ognl\2.6.11\ognl-2.6.11.jar;D:\java\maven\repo\freemarker\freemarker\2.3.8\freemarker-2.3.8.jar;D:\MyEclipse\Common\binary\com.sun.java.jdk.win32.x86_1.6.0.013\jre\..\lib\tools.jar;"/>
    <property name="java.vm.specification.version" value="1.0"/>
    <property name="sun.arch.data.model" value="32"/>
    <property name="java.home" value="D:\MyEclipse\Common\binary\com.sun.java.jdk.win32.x86_1.6.0.013\jre"/>
    <property name="java.specification.vendor" value="Sun Microsystems Inc."/>
    <property name="user.language" value="zh"/>
    <property name="awt.toolkit" value="sun.awt.windows.WToolkit"/>
    <property name="java.vm.info" value="mixed mode"/>
    <property name="java.version" value="1.6.0_13"/>
    <property name="java.ext.dirs" value="D:\MyEclipse\Common\binary\com.sun.java.jdk.win32.x86_1.6.0.013\jre\lib\ext;C:\Windows\Sun\Java\lib\ext"/>
    <property name="sun.boot.class.path" value="D:\MyEclipse\Common\binary\com.sun.java.jdk.win32.x86_1.6.0.013\jre\lib\resources.jar;D:\MyEclipse\Common\binary\com.sun.java.jdk.win32.x86_1.6.0.013\jre\lib\rt.jar;D:\MyEclipse\Common\binary\com.sun.java.jdk.win32.x86_1.6.0.013\jre\lib\sunrsasign.jar;D:\MyEclipse\Common\binary\com.sun.java.jdk.win32.x86_1.6.0.013\jre\lib\jsse.jar;D:\MyEclipse\Common\binary\com.sun.java.jdk.win32.x86_1.6.0.013\jre\lib\jce.jar;D:\MyEclipse\Common\binary\com.sun.java.jdk.win32.x86_1.6.0.013\jre\lib\charsets.jar;D:\MyEclipse\Common\binary\com.sun.java.jdk.win32.x86_1.6.0.013\jre\classes"/>
    <property name="java.vendor" value="Sun Microsystems Inc."/>
    <property name="localRepository" value="D:\java\maven\repo"/>
    <property name="file.separator" value="\"/>
    <property name="java.vendor.url.bug" value="http://java.sun.com/cgi-bin/bugreport.cgi"/>
    <property name="sun.cpu.endian" value="little"/>
    <property name="sun.io.unicode.encoding" value="UnicodeLittle"/>
    <property name="sun.desktop" value="windows"/>
    <property name="sun.cpu.isalist" value="pentium_pro+mmx pentium_pro pentium+mmx pentium i486 i386 i86"/>
  </properties>
  <testcase time="0.001" classname="hello.AppTest" name="testApp"/>
</testsuite>